<?xml version="1.0" encoding="UTF-8"?>
<testng-results skipped="0" failed="1" ignored="0" total="4" passed="3">
  <reporter-output>
  </reporter-output>
  <suite name="JerseyClientLiveTest" duration-ms="3167" started-at="2019-08-20T15:23:44Z" finished-at="2019-08-20T15:23:47Z">
    <groups>
    </groups>
    <test name="Command line test" duration-ms="3167" started-at="2019-08-20T15:23:44Z" finished-at="2019-08-20T15:23:47Z">
      <class name="JerseyClientLiveTest">
        <test-method status="FAIL" signature="getDescriptionFromJiraIssueID()[pri:0, instance:JerseyClientLiveTest@4bbfb90a]" name="getDescriptionFromJiraIssueID" duration-ms="2228" started-at="2019-08-20T11:23:44Z" finished-at="2019-08-20T11:23:47Z">
          <exception class="javax.ws.rs.client.ResponseProcessingException">
            <message>
              <![CDATA[com.fasterxml.jackson.databind.exc.UnrecognizedPropertyException: Unrecognized field "customfield_10104" (class pojo.jira.Fields), not marked as ignorable (118 known properties: "aggregatetimeoriginalestimate", "customfield11600", "environment", "components", "project", "attachment", "creator", "progress", "customfield12306", "customfield12307", "customfield11219", "customfield12309", "aggregatetimeestimate", "lastViewed", "customfield11220", "customfield12310", "customfield11101", "customfield11103", "customfield11500", "customfield11105", "subtasks", "customfield11107", "customfield11900", "customfield11902", "customfield11903", "customfield11904", "resolutiondate", "comment", "customfield10020", "customfield10021", "customfield12200", "customfield10700", "issuelinks", "timetracking", "customfield11400", "customfield11401", "customfield11800", "customfield11801", "customfield11802", "customfield11803", "customfield11804", "customfield11805", "customfield11806", "customfield11807", "customfield11808", "customfield11809", "workratio", "duedate", "priority", "summary", "customfield12100", "customfield12101", "customfield12102", "customfield12103" [truncated]])
 at [Source: (org.glassfish.jersey.message.internal.ReaderInterceptorExecutor$UnCloseableInputStream); line: 1, column: 359] (through reference chain: pojo.jira.Jira["fields"]->pojo.jira.Fields["customfield_10104"])]]>
            </message>
            <full-stacktrace>
              <![CDATA[javax.ws.rs.client.ResponseProcessingException: com.fasterxml.jackson.databind.exc.UnrecognizedPropertyException: Unrecognized field "customfield_10104" (class pojo.jira.Fields), not marked as ignorable (118 known properties: "aggregatetimeoriginalestimate", "customfield11600", "environment", "components", "project", "attachment", "creator", "progress", "customfield12306", "customfield12307", "customfield11219", "customfield12309", "aggregatetimeestimate", "lastViewed", "customfield11220", "customfield12310", "customfield11101", "customfield11103", "customfield11500", "customfield11105", "subtasks", "customfield11107", "customfield11900", "customfield11902", "customfield11903", "customfield11904", "resolutiondate", "comment", "customfield10020", "customfield10021", "customfield12200", "customfield10700", "issuelinks", "timetracking", "customfield11400", "customfield11401", "customfield11800", "customfield11801", "customfield11802", "customfield11803", "customfield11804", "customfield11805", "customfield11806", "customfield11807", "customfield11808", "customfield11809", "workratio", "duedate", "priority", "summary", "customfield12100", "customfield12101", "customfield12102", "customfield12103" [truncated]])
 at [Source: (org.glassfish.jersey.message.internal.ReaderInterceptorExecutor$UnCloseableInputStream); line: 1, column: 359] (through reference chain: pojo.jira.Jira["fields"]->pojo.jira.Fields["customfield_10104"])
	at org.glassfish.jersey.client.JerseyInvocation.translate(JerseyInvocation.java:849)
	at org.glassfish.jersey.client.JerseyInvocation.lambda$invoke$1(JerseyInvocation.java:743)
	at org.glassfish.jersey.internal.Errors.process(Errors.java:292)
	at org.glassfish.jersey.internal.Errors.process(Errors.java:274)
	at org.glassfish.jersey.internal.Errors.process(Errors.java:205)
	at org.glassfish.jersey.process.internal.RequestScope.runInScope(RequestScope.java:390)
	at org.glassfish.jersey.client.JerseyInvocation.invoke(JerseyInvocation.java:741)
	at org.glassfish.jersey.client.JerseyInvocation$Builder.method(JerseyInvocation.java:404)
	at org.glassfish.jersey.client.JerseyInvocation$Builder.get(JerseyInvocation.java:300)
	at restclient.JiraClient.getFieldsDescription(JiraClient.java:31)
	at JerseyClientLiveTest.getDescriptionFromJiraIssueID(JerseyClientLiveTest.java:50)
	at sun.reflect.NativeMethodAccessorImpl.invoke0(Native Method)
	at sun.reflect.NativeMethodAccessorImpl.invoke(NativeMethodAccessorImpl.java:62)
	at sun.reflect.DelegatingMethodAccessorImpl.invoke(DelegatingMethodAccessorImpl.java:43)
	at java.lang.reflect.Method.invoke(Method.java:498)
	at org.testng.internal.MethodInvocationHelper.invokeMethod(MethodInvocationHelper.java:108)
	at org.testng.internal.Invoker.invokeMethod(Invoker.java:661)
	at org.testng.internal.Invoker.invokeTestMethod(Invoker.java:869)
	at org.testng.internal.Invoker.invokeTestMethods(Invoker.java:1193)
	at org.testng.internal.TestMethodWorker.invokeTestMethods(TestMethodWorker.java:126)
	at org.testng.internal.TestMethodWorker.run(TestMethodWorker.java:109)
	at org.testng.TestRunner.privateRun(TestRunner.java:744)
	at org.testng.TestRunner.run(TestRunner.java:602)
	at org.testng.SuiteRunner.runTest(SuiteRunner.java:380)
	at org.testng.SuiteRunner.runSequentially(SuiteRunner.java:375)
	at org.testng.SuiteRunner.privateRun(SuiteRunner.java:340)
	at org.testng.SuiteRunner.run(SuiteRunner.java:289)
	at org.testng.SuiteRunnerWorker.runSuite(SuiteRunnerWorker.java:52)
	at org.testng.SuiteRunnerWorker.run(SuiteRunnerWorker.java:86)
	at org.testng.TestNG.runSuitesSequentially(TestNG.java:1301)
	at org.testng.TestNG.runSuitesLocally(TestNG.java:1226)
	at org.testng.TestNG.runSuites(TestNG.java:1144)
	at org.testng.TestNG.run(TestNG.java:1115)
	at org.apache.maven.surefire.testng.TestNGExecutor.run(TestNGExecutor.java:77)
	at org.apache.maven.surefire.testng.TestNGDirectoryTestSuite.execute(TestNGDirectoryTestSuite.java:110)
	at org.apache.maven.surefire.testng.TestNGProvider.invoke(TestNGProvider.java:106)
	at sun.reflect.NativeMethodAccessorImpl.invoke0(Native Method)
	at sun.reflect.NativeMethodAccessorImpl.invoke(NativeMethodAccessorImpl.java:62)
	at sun.reflect.DelegatingMethodAccessorImpl.invoke(DelegatingMethodAccessorImpl.java:43)
	at java.lang.reflect.Method.invoke(Method.java:498)
	at org.apache.maven.surefire.util.ReflectionUtils.invokeMethodWithArray(ReflectionUtils.java:189)
	at org.apache.maven.surefire.booter.ProviderFactory$ProviderProxy.invoke(ProviderFactory.java:165)
	at org.apache.maven.surefire.booter.ProviderFactory.invokeProvider(ProviderFactory.java:85)
	at org.apache.maven.surefire.booter.ForkedBooter.runSuitesInProcess(ForkedBooter.java:115)
	at org.apache.maven.surefire.booter.ForkedBooter.main(ForkedBooter.java:75)
Caused by: com.fasterxml.jackson.databind.exc.UnrecognizedPropertyException: Unrecognized field "customfield_10104" (class pojo.jira.Fields), not marked as ignorable (118 known properties: "aggregatetimeoriginalestimate", "customfield11600", "environment", "components", "project", "attachment", "creator", "progress", "customfield12306", "customfield12307", "customfield11219", "customfield12309", "aggregatetimeestimate", "lastViewed", "customfield11220", "customfield12310", "customfield11101", "customfield11103", "customfield11500", "customfield11105", "subtasks", "customfield11107", "customfield11900", "customfield11902", "customfield11903", "customfield11904", "resolutiondate", "comment", "customfield10020", "customfield10021", "customfield12200", "customfield10700", "issuelinks", "timetracking", "customfield11400", "customfield11401", "customfield11800", "customfield11801", "customfield11802", "customfield11803", "customfield11804", "customfield11805", "customfield11806", "customfield11807", "customfield11808", "customfield11809", "workratio", "duedate", "priority", "summary", "customfield12100", "customfield12101", "customfield12102", "customfield12103" [truncated]])
 at [Source: (org.glassfish.jersey.message.internal.ReaderInterceptorExecutor$UnCloseableInputStream); line: 1, column: 359] (through reference chain: pojo.jira.Jira["fields"]->pojo.jira.Fields["customfield_10104"])
	at com.fasterxml.jackson.databind.exc.UnrecognizedPropertyException.from(UnrecognizedPropertyException.java:61)
	at com.fasterxml.jackson.databind.DeserializationContext.handleUnknownProperty(DeserializationContext.java:823)
	at com.fasterxml.jackson.databind.deser.std.StdDeserializer.handleUnknownProperty(StdDeserializer.java:1153)
	at com.fasterxml.jackson.databind.deser.BeanDeserializerBase.handleUnknownProperty(BeanDeserializerBase.java:1589)
	at com.fasterxml.jackson.databind.deser.BeanDeserializerBase.handleUnknownVanilla(BeanDeserializerBase.java:1567)
	at com.fasterxml.jackson.databind.deser.BeanDeserializer.vanillaDeserialize(BeanDeserializer.java:294)
	at com.fasterxml.jackson.databind.deser.BeanDeserializer.deserialize(BeanDeserializer.java:151)
	at com.fasterxml.jackson.databind.deser.impl.MethodProperty.deserializeAndSet(MethodProperty.java:127)
	at com.fasterxml.jackson.databind.deser.BeanDeserializer.vanillaDeserialize(BeanDeserializer.java:288)
	at com.fasterxml.jackson.databind.deser.BeanDeserializer.deserialize(BeanDeserializer.java:151)
	at com.fasterxml.jackson.databind.ObjectReader._bind(ObjectReader.java:1574)
	at com.fasterxml.jackson.databind.ObjectReader.readValue(ObjectReader.java:965)
	at org.glassfish.jersey.jackson.internal.jackson.jaxrs.base.ProviderBase.readFrom(ProviderBase.java:838)
	at org.glassfish.jersey.message.internal.ReaderInterceptorExecutor$TerminalReaderInterceptor.invokeReadFrom(ReaderInterceptorExecutor.java:233)
	at org.glassfish.jersey.message.internal.ReaderInterceptorExecutor$TerminalReaderInterceptor.aroundReadFrom(ReaderInterceptorExecutor.java:212)
	at org.glassfish.jersey.message.internal.ReaderInterceptorExecutor.proceed(ReaderInterceptorExecutor.java:132)
	at org.glassfish.jersey.message.internal.MessageBodyFactory.readFrom(MessageBodyFactory.java:1067)
	at org.glassfish.jersey.message.internal.InboundMessageContext.readEntity(InboundMessageContext.java:850)
	at org.glassfish.jersey.message.internal.InboundMessageContext.readEntity(InboundMessageContext.java:784)
	at org.glassfish.jersey.client.ClientResponse.readEntity(ClientResponse.java:297)
	at org.glassfish.jersey.client.JerseyInvocation.translate(JerseyInvocation.java:846)
	... 44 more
]]>
            </full-stacktrace>
          </exception> <!-- javax.ws.rs.client.ResponseProcessingException -->
          <reporter-output>
          </reporter-output>
        </test-method> <!-- getDescriptionFromJiraIssueID -->
        <test-method status="PASS" signature="givenCorrectObject_whenCorrectJsonRequest_thenResponseCodeCreated()[pri:0, instance:JerseyClientLiveTest@4bbfb90a]" name="givenCorrectObject_whenCorrectJsonRequest_thenResponseCodeCreated" duration-ms="655" started-at="2019-08-20T11:23:47Z" finished-at="2019-08-20T11:23:47Z">
          <reporter-output>
          </reporter-output>
        </test-method> <!-- givenCorrectObject_whenCorrectJsonRequest_thenResponseCodeCreated -->
        <test-method status="PASS" signature="receiveCorrectResponseTest()[pri:0, instance:JerseyClientLiveTest@4bbfb90a]" name="receiveCorrectResponseTest" duration-ms="150" started-at="2019-08-20T11:23:47Z" finished-at="2019-08-20T11:23:47Z">
          <reporter-output>
          </reporter-output>
        </test-method> <!-- receiveCorrectResponseTest -->
        <test-method status="PASS" signature="testMultiplePosts()[pri:0, instance:JerseyClientLiveTest@4bbfb90a]" name="testMultiplePosts" duration-ms="89" started-at="2019-08-20T11:23:47Z" finished-at="2019-08-20T11:23:47Z">
          <reporter-output>
          </reporter-output>
        </test-method> <!-- testMultiplePosts -->
      </class> <!-- JerseyClientLiveTest -->
    </test> <!-- Command line test -->
  </suite> <!-- JerseyClientLiveTest -->
</testng-results>
