<?xml version="1.0" encoding="UTF-8"?>
<!-- Generated by org.testng.reporters.JUnitXMLReporter -->
<testsuite hostname="ubuntu-ThinkPad-T450s" ignored="0" tests="3" failures="0" timestamp="13 May 2019 20:08:33 GMT" time="1.517" errors="0">
  <testcase name="givenCorrectObject_whenCorrectJsonRequest_thenResponseCodeCreated" time="1.353" classname="JerseyClientLiveTest"/>
  <testcase name="receiveCorrectResponseTest" time="0.087" classname="JerseyClientLiveTest"/>
  <testcase name="testMultiplePosts" time="0.057" classname="JerseyClientLiveTest"/>
</testsuite>
