<?xml version="1.0" encoding="UTF-8"?>
<!-- Generated by org.testng.reporters.JUnitXMLReporter -->
<testsuite hostname="HHER-840G5" ignored="0" tests="4" failures="1" timestamp="20 Aug 2019 15:23:48 GMT" time="3.167" errors="0">
  <testcase name="getDescriptionFromJiraIssueID" time="2.228" classname="JerseyClientLiveTest">
    <failure type="javax.ws.rs.client.ResponseProcessingException" message="com.fasterxml.jackson.databind.exc.UnrecognizedPropertyException: Unrecognized field &amp;quot;customfield_10104&amp;quot; (class pojo.jira.Fields), not marked as ignorable (118 known properties: &amp;quot;aggregatetimeoriginalestimate&amp;quot;, &amp;quot;customfield11600&amp;quot;, &amp;quot;environment&amp;quot;, &amp;quot;components&amp;quot;, &amp;quot;project&amp;quot;, &amp;quot;attachment&amp;quot;, &amp;quot;creator&amp;quot;, &amp;quot;progress&amp;quot;, &amp;quot;customfield12306&amp;quot;, &amp;quot;customfield12307&amp;quot;, &amp;quot;customfield11219&amp;quot;, &amp;quot;customfield12309&amp;quot;, &amp;quot;aggregatetimeestimate&amp;quot;, &amp;quot;lastViewed&amp;quot;, &amp;quot;customfield11220&amp;quot;, &amp;quot;customfield12310&amp;quot;, &amp;quot;customfield11101&amp;quot;, &amp;quot;customfield11103&amp;quot;, &amp;quot;customfield11500&amp;quot;, &amp;quot;customfield11105&amp;quot;, &amp;quot;subtasks&amp;quot;, &amp;quot;customfield11107&amp;quot;, &amp;quot;customfield11900&amp;quot;, &amp;quot;customfield11902&amp;quot;, &amp;quot;customfield11903&amp;quot;, &amp;quot;customfield11904&amp;quot;, &amp;quot;resolutiondate&amp;quot;, &amp;quot;comment&amp;quot;, &amp;quot;customfield10020&amp;quot;, &amp;quot;customfield10021&amp;quot;, &amp;quot;customfield12200&amp;quot;, &amp;quot;customfield10700&amp;quot;, &amp;quot;issuelinks&amp;quot;, &amp;quot;timetracking&amp;quot;, &amp;quot;customfield11400&amp;quot;, &amp;quot;customfield11401&amp;quot;, &amp;quot;customfield11800&amp;quot;, &amp;quot;customfield11801&amp;quot;, &amp;quot;customfield11802&amp;quot;, &amp;quot;customfield11803&amp;quot;, &amp;quot;customfield11804&amp;quot;, &amp;quot;customfield11805&amp;quot;, &amp;quot;customfield11806&amp;quot;, &amp;quot;customfield11807&amp;quot;, &amp;quot;customfield11808&amp;quot;, &amp;quot;customfield11809&amp;quot;, &amp;quot;workratio&amp;quot;, &amp;quot;duedate&amp;quot;, &amp;quot;priority&amp;quot;, &amp;quot;summary&amp;quot;, &amp;quot;customfield12100&amp;quot;, &amp;quot;customfield12101&amp;quot;, &amp;quot;customfield12102&amp;quot;, &amp;quot;customfield12103&amp;quot; [truncated]])
 at [Source: (org.glassfish.jersey.message.internal.ReaderInterceptorExecutor$UnCloseableInputStream); line: 1, column: 359] (through reference chain: pojo.jira.Jira[&amp;quot;fields&amp;quot;]-&amp;gt;pojo.jira.Fields[&amp;quot;customfield_10104&amp;quot;])">
      <![CDATA[javax.ws.rs.client.ResponseProcessingException: com.fasterxml.jackson.databind.exc.UnrecognizedPropertyException: Unrecognized field "customfield_10104" (class pojo.jira.Fields), not marked as ignorable (118 known properties: "aggregatetimeoriginalestimate", "customfield11600", "environment", "components", "project", "attachment", "creator", "progress", "customfield12306", "customfield12307", "customfield11219", "customfield12309", "aggregatetimeestimate", "lastViewed", "customfield11220", "customfield12310", "customfield11101", "customfield11103", "customfield11500", "customfield11105", "subtasks", "customfield11107", "customfield11900", "customfield11902", "customfield11903", "customfield11904", "resolutiondate", "comment", "customfield10020", "customfield10021", "customfield12200", "customfield10700", "issuelinks", "timetracking", "customfield11400", "customfield11401", "customfield11800", "customfield11801", "customfield11802", "customfield11803", "customfield11804", "customfield11805", "customfield11806", "customfield11807", "customfield11808", "customfield11809", "workratio", "duedate", "priority", "summary", "customfield12100", "customfield12101", "customfield12102", "customfield12103" [truncated]])
 at [Source: (org.glassfish.jersey.message.internal.ReaderInterceptorExecutor$UnCloseableInputStream); line: 1, column: 359] (through reference chain: pojo.jira.Jira["fields"]->pojo.jira.Fields["customfield_10104"])
	at org.glassfish.jersey.client.JerseyInvocation.translate(JerseyInvocation.java:849)
	at org.glassfish.jersey.client.JerseyInvocation.lambda$invoke$1(JerseyInvocation.java:743)
	at org.glassfish.jersey.internal.Errors.process(Errors.java:292)
	at org.glassfish.jersey.internal.Errors.process(Errors.java:274)
	at org.glassfish.jersey.internal.Errors.process(Errors.java:205)
	at org.glassfish.jersey.process.internal.RequestScope.runInScope(RequestScope.java:390)
	at org.glassfish.jersey.client.JerseyInvocation.invoke(JerseyInvocation.java:741)
	at org.glassfish.jersey.client.JerseyInvocation$Builder.method(JerseyInvocation.java:404)
	at org.glassfish.jersey.client.JerseyInvocation$Builder.get(JerseyInvocation.java:300)
	at restclient.JiraClient.getFieldsDescription(JiraClient.java:31)
	at JerseyClientLiveTest.getDescriptionFromJiraIssueID(JerseyClientLiveTest.java:50)
Caused by: com.fasterxml.jackson.databind.exc.UnrecognizedPropertyException: Unrecognized field "customfield_10104" (class pojo.jira.Fields), not marked as ignorable (118 known properties: "aggregatetimeoriginalestimate", "customfield11600", "environment", "components", "project", "attachment", "creator", "progress", "customfield12306", "customfield12307", "customfield11219", "customfield12309", "aggregatetimeestimate", "lastViewed", "customfield11220", "customfield12310", "customfield11101", "customfield11103", "customfield11500", "customfield11105", "subtasks", "customfield11107", "customfield11900", "customfield11902", "customfield11903", "customfield11904", "resolutiondate", "comment", "customfield10020", "customfield10021", "customfield12200", "customfield10700", "issuelinks", "timetracking", "customfield11400", "customfield11401", "customfield11800", "customfield11801", "customfield11802", "customfield11803", "customfield11804", "customfield11805", "customfield11806", "customfield11807", "customfield11808", "customfield11809", "workratio", "duedate", "priority", "summary", "customfield12100", "customfield12101", "customfield12102", "customfield12103" [truncated]])
 at [Source: (org.glassfish.jersey.message.internal.ReaderInterceptorExecutor$UnCloseableInputStream); line: 1, column: 359] (through reference chain: pojo.jira.Jira["fields"]->pojo.jira.Fields["customfield_10104"])
	at com.fasterxml.jackson.databind.exc.UnrecognizedPropertyException.from(UnrecognizedPropertyException.java:61)
	at com.fasterxml.jackson.databind.DeserializationContext.handleUnknownProperty(DeserializationContext.java:823)
	at com.fasterxml.jackson.databind.deser.std.StdDeserializer.handleUnknownProperty(StdDeserializer.java:1153)
	at com.fasterxml.jackson.databind.deser.BeanDeserializerBase.handleUnknownProperty(BeanDeserializerBase.java:1589)
	at com.fasterxml.jackson.databind.deser.BeanDeserializerBase.handleUnknownVanilla(BeanDeserializerBase.java:1567)
	at com.fasterxml.jackson.databind.deser.BeanDeserializer.vanillaDeserialize(BeanDeserializer.java:294)
	at com.fasterxml.jackson.databind.deser.BeanDeserializer.deserialize(BeanDeserializer.java:151)
	at com.fasterxml.jackson.databind.deser.impl.MethodProperty.deserializeAndSet(MethodProperty.java:127)
	at com.fasterxml.jackson.databind.deser.BeanDeserializer.vanillaDeserialize(BeanDeserializer.java:288)
	at com.fasterxml.jackson.databind.deser.BeanDeserializer.deserialize(BeanDeserializer.java:151)
	at com.fasterxml.jackson.databind.ObjectReader._bind(ObjectReader.java:1574)
	at com.fasterxml.jackson.databind.ObjectReader.readValue(ObjectReader.java:965)
	at org.glassfish.jersey.jackson.internal.jackson.jaxrs.base.ProviderBase.readFrom(ProviderBase.java:838)
	at org.glassfish.jersey.message.internal.ReaderInterceptorExecutor$TerminalReaderInterceptor.invokeReadFrom(ReaderInterceptorExecutor.java:233)
	at org.glassfish.jersey.message.internal.ReaderInterceptorExecutor$TerminalReaderInterceptor.aroundReadFrom(ReaderInterceptorExecutor.java:212)
	at org.glassfish.jersey.message.internal.ReaderInterceptorExecutor.proceed(ReaderInterceptorExecutor.java:132)
	at org.glassfish.jersey.message.internal.MessageBodyFactory.readFrom(MessageBodyFactory.java:1067)
	at org.glassfish.jersey.message.internal.InboundMessageContext.readEntity(InboundMessageContext.java:850)
	at org.glassfish.jersey.message.internal.InboundMessageContext.readEntity(InboundMessageContext.java:784)
	at org.glassfish.jersey.client.ClientResponse.readEntity(ClientResponse.java:297)
	at org.glassfish.jersey.client.JerseyInvocation.translate(JerseyInvocation.java:846)
	... 44 more
... Removed 34 stack frames]]>
    </failure>
  </testcase> <!-- getDescriptionFromJiraIssueID -->
  <testcase name="givenCorrectObject_whenCorrectJsonRequest_thenResponseCodeCreated" time="0.655" classname="JerseyClientLiveTest"/>
  <testcase name="receiveCorrectResponseTest" time="0.15" classname="JerseyClientLiveTest"/>
  <testcase name="testMultiplePosts" time="0.089" classname="JerseyClientLiveTest"/>
</testsuite>
