<?xml version="1.0" encoding="UTF-8"?>
<!-- Generated by org.testng.reporters.JUnitXMLReporter -->
<testsuite hostname="ubuntu-ThinkPad-T450s" ignored="0" tests="3" failures="0" timestamp="02 Jun 2019 01:48:43 GMT" time="1.212" errors="0">
  <testcase name="givenCorrectObject_whenCorrectJsonRequest_thenResponseCodeCreated" time="1.058" classname="JerseyClientLiveTest"/>
  <testcase name="receiveCorrectResponseTest" time="0.083" classname="JerseyClientLiveTest"/>
  <testcase name="testMultiplePosts" time="0.055" classname="JerseyClientLiveTest"/>
</testsuite>
